<?xml version="1.0" encoding="UTF-8"?>
<!-- Generated by org.testng.reporters.JUnitReportReporter -->
<testsuite hostname="BDC3-DX-49F0N62" name="com.tests.NewTest" tests="1" failures="0" timestamp="8 Apr 2019 09:30:19 GMT" time="28.049" errors="0">
  <testcase name="dragAndDrop" time="28.049" classname="com.tests.NewTest"/>
</testsuite> <!-- com.tests.NewTest -->
