<?xml version="1.0" encoding="UTF-8"?>
<!-- Generated by org.testng.reporters.JUnitReportReporter -->
<testsuite hostname="BDC3-DX-49F0N62" name="com.tests.NewTest8" tests="2" failures="0" timestamp="10 Apr 2019 05:01:04 GMT" time="3.092" errors="0">
  <testcase name="testValidData" time="1.277" classname="com.tests.NewTest8"/>
  <testcase name="testValidData" time="1.815" classname="com.tests.NewTest8"/>
</testsuite> <!-- com.tests.NewTest8 -->
