<?xml version="1.0" encoding="UTF-8"?>
<!-- Generated by org.testng.reporters.JUnitReportReporter -->
<testsuite hostname="BDC3-DX-49F0N62" name="com.tests.NewTest3" tests="1" failures="0" timestamp="8 Apr 2019 10:45:34 GMT" time="30.095" errors="0">
  <testcase name="keyPress" time="30.095" classname="com.tests.NewTest3"/>
</testsuite> <!-- com.tests.NewTest3 -->
