<?xml version="1.0" encoding="UTF-8"?>
<!-- Generated by org.testng.reporters.JUnitReportReporter -->
<testsuite hostname="BDC3-DX-49F0N62" name="com.tests.ReadJSONTest" tests="1" failures="0" timestamp="9 Apr 2019 07:35:34 GMT" time="0.136" errors="0">
  <testcase name="testJSON" time="0.136" classname="com.tests.ReadJSONTest"/>
</testsuite> <!-- com.tests.ReadJSONTest -->
