<?xml version="1.0" encoding="UTF-8"?>
<!-- Generated by org.testng.reporters.JUnitReportReporter -->
<testsuite hostname="BDC3-DX-49F0N62" name="com.tests.NewTest5" tests="1" failures="0" timestamp="9 Apr 2019 04:49:43 GMT" time="1.447" errors="0">
  <testcase name="testDataExcelExtract" time="1.447" classname="com.tests.NewTest5"/>
</testsuite> <!-- com.tests.NewTest5 -->
